Determining if the pthread_create exist failed with the following output:
Change Dir: /home/yu/ransac/build/CMakeFiles/CMakeTmp

Run Build Command:"/usr/bin/make" "cmTC_18acc/fast"
/usr/bin/make -f CMakeFiles/cmTC_18acc.dir/build.make CMakeFiles/cmTC_18acc.dir/build
make[1]: ディレクトリ '/home/yu/ransac/build/CMakeFiles/CMakeTmp' に入ります
Building C object CMakeFiles/cmTC_18acc.dir/CheckSymbolExists.c.o
/usr/bin/cc    -o CMakeFiles/cmTC_18acc.dir/CheckSymbolExists.c.o   -c /home/yu/ransac/build/CMakeFiles/CMakeTmp/CheckSymbolExists.c
Linking C executable cmTC_18acc
/usr/bin/cmake -E cmake_link_script CMakeFiles/cmTC_18acc.dir/link.txt --verbose=1
/usr/bin/cc      -rdynamic CMakeFiles/cmTC_18acc.dir/CheckSymbolExists.c.o  -o cmTC_18acc 
CMakeFiles/cmTC_18acc.dir/CheckSymbolExists.c.o: 関数 `main' 内:
CheckSymbolExists.c:(.text+0x1b): `pthread_create' に対する定義されていない参照です
collect2: error: ld returned 1 exit status
CMakeFiles/cmTC_18acc.dir/build.make:97: recipe for target 'cmTC_18acc' failed
make[1]: *** [cmTC_18acc] Error 1
make[1]: ディレクトリ '/home/yu/ransac/build/CMakeFiles/CMakeTmp' から出ます
Makefile:126: recipe for target 'cmTC_18acc/fast' failed
make: *** [cmTC_18acc/fast] Error 2

File /home/yu/ransac/build/CMakeFiles/CMakeTmp/CheckSymbolExists.c:
/* */
#include <pthread.h>

int main(int argc, char** argv)
{
  (void)argv;
#ifndef pthread_create
  return ((int*)(&pthread_create))[argc];
#else
  (void)argc;
  return 0;
#endif
}

Determining if the function pthread_create exists in the pthreads failed with the following output:
Change Dir: /home/yu/ransac/build/CMakeFiles/CMakeTmp

Run Build Command:"/usr/bin/make" "cmTC_2119f/fast"
/usr/bin/make -f CMakeFiles/cmTC_2119f.dir/build.make CMakeFiles/cmTC_2119f.dir/build
make[1]: ディレクトリ '/home/yu/ransac/build/CMakeFiles/CMakeTmp' に入ります
Building C object CMakeFiles/cmTC_2119f.dir/CheckFunctionExists.c.o
/usr/bin/cc   -DCHECK_FUNCTION_EXISTS=pthread_create   -o CMakeFiles/cmTC_2119f.dir/CheckFunctionExists.c.o   -c /usr/share/cmake-3.10/Modules/CheckFunctionExists.c
Linking C executable cmTC_2119f
/usr/bin/cmake -E cmake_link_script CMakeFiles/cmTC_2119f.dir/link.txt --verbose=1
/usr/bin/cc  -DCHECK_FUNCTION_EXISTS=pthread_create    -rdynamic CMakeFiles/cmTC_2119f.dir/CheckFunctionExists.c.o  -o cmTC_2119f -lpthreads 
/usr/bin/ld: -lpthreads が見つかりません
collect2: error: ld returned 1 exit status
CMakeFiles/cmTC_2119f.dir/build.make:97: recipe for target 'cmTC_2119f' failed
make[1]: *** [cmTC_2119f] Error 1
make[1]: ディレクトリ '/home/yu/ransac/build/CMakeFiles/CMakeTmp' から出ます
Makefile:126: recipe for target 'cmTC_2119f/fast' failed
make: *** [cmTC_2119f/fast] Error 2


